Build started 4/26/2015 5:31:07 PM.
     1>Project "c:\Users\Anoos\documents\visual studio 2010\Projects\Algorithm-Assignment-Hashing\Algorithm-Assignment-Hashing\Algorithm-Assignment-Hashing.vcxproj" on node 2 (build target(s)).
     1>InitializeBuildStatus:
         Creating "Debug\Algorithm-Assignment-Hashing.unsuccessfulbuild" because "AlwaysCreate" was specified.
       ClCompile:
         C:\Program Files (x86)\Microsoft Visual Studio 10.0\VC\bin\CL.exe /c /ZI /nologo /W3 /WX- /Od /Oy- /D WIN32 /D _DEBUG /D _CONSOLE /D _UNICODE /D UNICODE /Gm /EHsc /RTC1 /MDd /GS /fp:precise /Zc:wchar_t /Zc:forScope /Fo"Debug\\" /Fd"Debug\vc100.pdb" /Gd /TP /analyze- /errorReport:prompt main.cpp
         main.cpp
       ManifestResourceCompile:
         All outputs are up-to-date.
       Link:
         C:\Program Files (x86)\Microsoft Visual Studio 10.0\VC\bin\link.exe /ERRORREPORT:PROMPT /OUT:"c:\users\anoos\documents\visual studio 2010\Projects\Algorithm-Assignment-Hashing\Debug\Algorithm-Assignment-Hashing.exe" /INCREMENTAL /NOLOGO kernel32.lib user32.lib gdi32.lib winspool.lib comdlg32.lib advapi32.lib shell32.lib ole32.lib oleaut32.lib uuid.lib odbc32.lib odbccp32.lib /MANIFEST /ManifestFile:"Debug\Algorithm-Assignment-Hashing.exe.intermediate.manifest" /MANIFESTUAC:"level='asInvoker' uiAccess='false'" /DEBUG /PDB:"c:\users\anoos\documents\visual studio 2010\Projects\Algorithm-Assignment-Hashing\Debug\Algorithm-Assignment-Hashing.pdb" /SUBSYSTEM:CONSOLE /TLBID:1 /DYNAMICBASE /NXCOMPAT /IMPLIB:"c:\users\anoos\documents\visual studio 2010\Projects\Algorithm-Assignment-Hashing\Debug\Algorithm-Assignment-Hashing.lib" /MACHINE:X86 "Debug\Algorithm-Assignment-Hashing.exe.embed.manifest.res"
         Debug\HashTable.obj
         Debug\main.obj
       Manifest:
         C:\Program Files (x86)\Microsoft SDKs\Windows\v7.0A\bin\mt.exe /nologo /verbose /out:"Debug\Algorithm-Assignment-Hashing.exe.embed.manifest" /manifest "Debug\Algorithm-Assignment-Hashing.exe.intermediate.manifest"
         All outputs are up-to-date.
       LinkEmbedManifest:
         All outputs are up-to-date.
         Algorithm-Assignment-Hashing.vcxproj -> c:\users\anoos\documents\visual studio 2010\Projects\Algorithm-Assignment-Hashing\Debug\Algorithm-Assignment-Hashing.exe
       FinalizeBuildStatus:
         Deleting file "Debug\Algorithm-Assignment-Hashing.unsuccessfulbuild".
         Touching "Debug\Algorithm-Assignment-Hashing.lastbuildstate".
     1>Done Building Project "c:\Users\Anoos\documents\visual studio 2010\Projects\Algorithm-Assignment-Hashing\Algorithm-Assignment-Hashing\Algorithm-Assignment-Hashing.vcxproj" (build target(s)).

Build succeeded.

Time Elapsed 00:00:05.85
